<testsuites id="" name="" tests="1" failures="1" skipped="0" errors="0" time="8.236974">
<testsuite name="market-data-flow.spec.ts" timestamp="2025-09-23T21:09:27.335Z" hostname="Mobile Chrome" tests="1" failures="1" skipped="0" time="6.362" errors="0">
<testcase name="Market Data Flow › Responsive Design › should handle different screen sizes gracefully" classname="market-data-flow.spec.ts" time="6.362">
<failure message="market-data-flow.spec.ts:278:9 should handle different screen sizes gracefully" type="FAILURE">
<![CDATA[  [Mobile Chrome] › market-data-flow.spec.ts:278:9 › Market Data Flow › Responsive Design › should handle different screen sizes gracefully 

    Error: expect(locator).toBeVisible() failed

    Locator:  locator('.market-overview')
    Expected: visible
    Received: <element(s) not found>
    Timeout:  5000ms

    Call log:
      - Expect "toBeVisible" with timeout 5000ms
      - waiting for locator('.market-overview')


      289 |
      290 |         // Market overview should remain functional
    > 291 |         await expect(page.locator('.market-overview')).toBeVisible();
          |                                                        ^
      292 |
      293 |         // Content should not overflow
      294 |         const body = page.locator('body');
        at /Users/mustafayildirim/Documents/Personal Documents/Projects/myTrader/frontend/web/e2e/market-data-flow.spec.ts:291:56

    attachment #1: screenshot (image/png) ──────────────────────────────────────────────────────────
    ../test-results/e2e-artifacts/market-data-flow-Market-Da-e81b3-ent-screen-sizes-gracefully-Mobile-Chrome/test-failed-1.png
    ────────────────────────────────────────────────────────────────────────────────────────────────

    attachment #2: video (video/webm) ──────────────────────────────────────────────────────────────
    ../test-results/e2e-artifacts/market-data-flow-Market-Da-e81b3-ent-screen-sizes-gracefully-Mobile-Chrome/video.webm
    ────────────────────────────────────────────────────────────────────────────────────────────────

    Error Context: ../test-results/e2e-artifacts/market-data-flow-Market-Da-e81b3-ent-screen-sizes-gracefully-Mobile-Chrome/error-context.md
]]>
</failure>
<system-out>
<![CDATA[
[[ATTACHMENT|e2e-artifacts/market-data-flow-Market-Da-e81b3-ent-screen-sizes-gracefully-Mobile-Chrome/test-failed-1.png]]

[[ATTACHMENT|e2e-artifacts/market-data-flow-Market-Da-e81b3-ent-screen-sizes-gracefully-Mobile-Chrome/video.webm]]

[[ATTACHMENT|e2e-artifacts/market-data-flow-Market-Da-e81b3-ent-screen-sizes-gracefully-Mobile-Chrome/error-context.md]]
]]>
</system-out>
</testcase>
</testsuite>
</testsuites>